{"contracts/MockDaiToken.sol":{"l":{"9":27,"10":27},"path":"/Users/jian-yu/Desktop/blockchain/lab4/SafeFactory/contracts/MockDaiToken.sol","s":{"1":27},"b":{},"f":{"1":27},"fnMap":{"1":{"name":"constructor","line":8,"loc":{"start":{"line":8,"column":2},"end":{"line":11,"column":2}}}},"statementMap":{"1":{"start":{"line":9,"column":4},"end":{"line":9,"column":50}}},"branchMap":{}},"contracts/Proxy.sol":{"l":{"15":5,"16":5,"21":4,"22":3,"26":6,"30":5,"31":5,"35":19,"39":8,"40":7,"45":3,"50":2,"55":4,"62":15,"66":0,"70":15,"92":37},"path":"/Users/jian-yu/Desktop/blockchain/lab4/SafeFactory/contracts/Proxy.sol","s":{"1":5,"2":5,"3":4,"4":6,"5":5,"6":19,"7":8,"8":3,"9":2,"10":4,"11":15},"b":{"1":[3,1],"2":[5,0],"3":[7,1],"4":[3,1]},"f":{"1":5,"2":4,"3":6,"4":5,"5":19,"6":8,"7":3,"8":2,"9":4,"10":15,"11":15,"12":37},"fnMap":{"1":{"name":"constructor","line":14,"loc":{"start":{"line":14,"column":4},"end":{"line":17,"column":4}}},"2":{"name":"onlyOwner","line":20,"loc":{"start":{"line":20,"column":4},"end":{"line":23,"column":4}}},"3":{"name":"_getOwner","line":25,"loc":{"start":{"line":25,"column":4},"end":{"line":27,"column":4}}},"4":{"name":"_setOwner","line":29,"loc":{"start":{"line":29,"column":4},"end":{"line":32,"column":4}}},"5":{"name":"_getImplementation","line":34,"loc":{"start":{"line":34,"column":4},"end":{"line":36,"column":4}}},"6":{"name":"_setImplementation","line":38,"loc":{"start":{"line":38,"column":4},"end":{"line":41,"column":4}}},"7":{"name":"setImplementation","line":44,"loc":{"start":{"line":44,"column":4},"end":{"line":46,"column":4}}},"8":{"name":"getProxyOwner","line":49,"loc":{"start":{"line":49,"column":4},"end":{"line":51,"column":4}}},"9":{"name":"getImplementation","line":54,"loc":{"start":{"line":54,"column":4},"end":{"line":56,"column":4}}},"10":{"name":null,"line":61,"loc":{"start":{"line":61,"column":4},"end":{"line":63,"column":4}}},"11":{"name":"_delegate","line":69,"loc":{"start":{"line":69,"column":4},"end":{"line":81,"column":4}}},"12":{"name":"getAddressSlot","line":89,"loc":{"start":{"line":89,"column":4},"end":{"line":95,"column":4}}}},"statementMap":{"1":{"start":{"line":15,"column":8},"end":{"line":15,"column":24}},"2":{"start":{"line":16,"column":8},"end":{"line":16,"column":42}},"3":{"start":{"line":21,"column":8},"end":{"line":21,"column":75}},"4":{"start":{"line":26,"column":8},"end":{"line":26,"column":59}},"5":{"start":{"line":30,"column":8},"end":{"line":30,"column":60}},"6":{"start":{"line":35,"column":8},"end":{"line":35,"column":68}},"7":{"start":{"line":39,"column":8},"end":{"line":39,"column":98}},"8":{"start":{"line":45,"column":8},"end":{"line":45,"column":44}},"9":{"start":{"line":50,"column":8},"end":{"line":50,"column":26}},"10":{"start":{"line":55,"column":8},"end":{"line":55,"column":35}},"11":{"start":{"line":62,"column":8},"end":{"line":62,"column":38}}},"branchMap":{"1":{"line":21,"type":"if","locations":[{"start":{"line":21,"column":8},"end":{"line":21,"column":8}},{"start":{"line":21,"column":8},"end":{"line":21,"column":8}}]},"2":{"line":30,"type":"if","locations":[{"start":{"line":30,"column":8},"end":{"line":30,"column":8}},{"start":{"line":30,"column":8},"end":{"line":30,"column":8}}]},"3":{"line":39,"type":"if","locations":[{"start":{"line":39,"column":8},"end":{"line":39,"column":8}},{"start":{"line":39,"column":8},"end":{"line":39,"column":8}}]},"4":{"line":44,"type":"if","locations":[{"start":{"line":44,"column":65},"end":{"line":44,"column":65}},{"start":{"line":44,"column":65},"end":{"line":44,"column":65}}]}}},"contracts/Safe.sol":{"l":{"14":4,"19":2,"20":1,"21":1,"22":1,"27":4,"28":3,"29":2,"30":2,"31":2,"32":2,"37":3,"38":2,"39":1,"40":1,"44":4,"48":0},"path":"/Users/jian-yu/Desktop/blockchain/lab4/SafeFactory/contracts/Safe.sol","s":{"1":2,"2":1,"3":1,"4":4,"5":3,"6":2,"7":2,"8":3,"9":2,"10":1,"11":4,"12":0},"b":{"1":[1,1],"2":[3,1],"3":[2,1],"4":[1,1]},"f":{"1":4,"2":2,"3":4,"4":3,"5":4,"6":0},"fnMap":{"1":{"name":"constructor","line":13,"loc":{"start":{"line":13,"column":4},"end":{"line":15,"column":4}}},"2":{"name":"takeFee","line":18,"loc":{"start":{"line":18,"column":4},"end":{"line":23,"column":4}}},"3":{"name":"deposit","line":26,"loc":{"start":{"line":26,"column":4},"end":{"line":33,"column":4}}},"4":{"name":"withdraw","line":36,"loc":{"start":{"line":36,"column":4},"end":{"line":41,"column":4}}},"5":{"name":"balanceOf","line":43,"loc":{"start":{"line":43,"column":4},"end":{"line":45,"column":4}}},"6":{"name":"getOwner","line":47,"loc":{"start":{"line":47,"column":4},"end":{"line":49,"column":4}}}},"statementMap":{"1":{"start":{"line":19,"column":8},"end":{"line":19,"column":66}},"2":{"start":{"line":20,"column":8},"end":{"line":20,"column":44}},"3":{"start":{"line":21,"column":8},"end":{"line":21,"column":46}},"4":{"start":{"line":27,"column":8},"end":{"line":27,"column":59}},"5":{"start":{"line":28,"column":8},"end":{"line":28,"column":68}},"6":{"start":{"line":29,"column":8},"end":{"line":29,"column":35}},"7":{"start":{"line":30,"column":8},"end":{"line":30,"column":44}},"8":{"start":{"line":37,"column":8},"end":{"line":37,"column":59}},"9":{"start":{"line":38,"column":8},"end":{"line":38,"column":77}},"10":{"start":{"line":39,"column":8},"end":{"line":39,"column":49}},"11":{"start":{"line":44,"column":8},"end":{"line":44,"column":42}},"12":{"start":{"line":48,"column":8},"end":{"line":48,"column":20}}},"branchMap":{"1":{"line":19,"type":"if","locations":[{"start":{"line":19,"column":8},"end":{"line":19,"column":8}},{"start":{"line":19,"column":8},"end":{"line":19,"column":8}}]},"2":{"line":27,"type":"if","locations":[{"start":{"line":27,"column":8},"end":{"line":27,"column":8}},{"start":{"line":27,"column":8},"end":{"line":27,"column":8}}]},"3":{"line":37,"type":"if","locations":[{"start":{"line":37,"column":8},"end":{"line":37,"column":8}},{"start":{"line":37,"column":8},"end":{"line":37,"column":8}}]},"4":{"line":38,"type":"if","locations":[{"start":{"line":38,"column":8},"end":{"line":38,"column":8}},{"start":{"line":38,"column":8},"end":{"line":38,"column":8}}]}}},"contracts/SafeFactory.sol":{"l":{"18":3,"19":2,"23":3,"24":3,"28":1,"29":1,"30":1,"35":2,"36":2,"37":2,"43":2,"44":1,"45":1,"49":2,"53":1},"path":"/Users/jian-yu/Desktop/blockchain/lab4/SafeFactory/contracts/SafeFactory.sol","s":{"1":3,"2":1,"3":1,"4":1,"5":2,"6":2,"7":2,"8":2,"9":1,"10":2,"11":1},"b":{"1":[2,1],"2":[2,1],"3":[1,1]},"f":{"1":3,"2":3,"3":1,"4":2,"5":2,"6":2,"7":1},"fnMap":{"1":{"name":"onlyOwner","line":17,"loc":{"start":{"line":17,"column":4},"end":{"line":20,"column":4}}},"2":{"name":"constructor","line":22,"loc":{"start":{"line":22,"column":4},"end":{"line":25,"column":4}}},"3":{"name":"deploySafe","line":27,"loc":{"start":{"line":27,"column":4},"end":{"line":31,"column":4}}},"4":{"name":"deploySafeProxy","line":34,"loc":{"start":{"line":34,"column":4},"end":{"line":38,"column":4}}},"5":{"name":"updateImplementation","line":42,"loc":{"start":{"line":42,"column":4},"end":{"line":46,"column":4}}},"6":{"name":"getDeployedProxies","line":48,"loc":{"start":{"line":48,"column":2},"end":{"line":50,"column":2}}},"7":{"name":"getDeployedSafes","line":52,"loc":{"start":{"line":52,"column":2},"end":{"line":54,"column":2}}}},"statementMap":{"1":{"start":{"line":18,"column":8},"end":{"line":18,"column":72}},"2":{"start":{"line":28,"column":8},"end":{"line":28,"column":40}},"3":{"start":{"line":29,"column":8},"end":{"line":29,"column":39}},"4":{"start":{"line":30,"column":8},"end":{"line":30,"column":40}},"5":{"start":{"line":35,"column":8},"end":{"line":35,"column":59}},"6":{"start":{"line":36,"column":8},"end":{"line":36,"column":41}},"7":{"start":{"line":37,"column":8},"end":{"line":37,"column":43}},"8":{"start":{"line":43,"column":8},"end":{"line":43,"column":90}},"9":{"start":{"line":45,"column":8},"end":{"line":45,"column":50}},"10":{"start":{"line":49,"column":5},"end":{"line":49,"column":27}},"11":{"start":{"line":53,"column":5},"end":{"line":53,"column":25}}},"branchMap":{"1":{"line":18,"type":"if","locations":[{"start":{"line":18,"column":8},"end":{"line":18,"column":8}},{"start":{"line":18,"column":8},"end":{"line":18,"column":8}}]},"2":{"line":42,"type":"if","locations":[{"start":{"line":42,"column":59},"end":{"line":42,"column":59}},{"start":{"line":42,"column":59},"end":{"line":42,"column":59}}]},"3":{"line":43,"type":"if","locations":[{"start":{"line":43,"column":8},"end":{"line":43,"column":8}},{"start":{"line":43,"column":8},"end":{"line":43,"column":8}}]}}},"contracts/SafeUpgradeable.sol":{"l":{"16":14,"17":13,"18":13,"23":2,"24":1,"25":1,"26":1,"31":4,"32":3,"33":2,"34":2,"35":2,"36":2,"41":3,"42":2,"43":1,"44":1,"48":4,"52":1,"56":2,"84":2,"85":1,"86":1,"91":2,"92":1,"93":1,"94":1,"99":4,"100":3,"101":2,"102":2,"103":2,"104":2,"109":3,"110":2,"111":1,"112":1,"116":4,"120":0,"124":2},"path":"/Users/jian-yu/Desktop/blockchain/lab4/SafeFactory/contracts/SafeUpgradeable.sol","s":{"1":14,"2":2,"3":1,"4":1,"5":4,"6":3,"7":2,"8":2,"9":3,"10":2,"11":1,"12":4,"13":1,"14":2,"15":2,"16":2,"17":1,"18":1,"19":4,"20":3,"21":2,"22":2,"23":3,"24":2,"25":1,"26":4,"27":0,"28":2},"b":{"1":[13,1],"2":[1,1],"3":[3,1],"4":[2,1],"5":[1,1],"6":[1,1],"7":[1,1],"8":[3,1],"9":[2,1],"10":[1,1]},"f":{"1":14,"2":2,"3":4,"4":3,"5":4,"6":1,"7":2,"8":2,"9":2,"10":4,"11":3,"12":4,"13":0,"14":2},"fnMap":{"1":{"name":"initialize","line":15,"loc":{"start":{"line":15,"column":4},"end":{"line":19,"column":4}}},"2":{"name":"takeFee","line":22,"loc":{"start":{"line":22,"column":4},"end":{"line":27,"column":4}}},"3":{"name":"deposit","line":30,"loc":{"start":{"line":30,"column":4},"end":{"line":37,"column":4}}},"4":{"name":"withdraw","line":40,"loc":{"start":{"line":40,"column":4},"end":{"line":45,"column":4}}},"5":{"name":"balanceOf","line":47,"loc":{"start":{"line":47,"column":4},"end":{"line":49,"column":4}}},"6":{"name":"getOwner","line":51,"loc":{"start":{"line":51,"column":4},"end":{"line":53,"column":4}}},"7":{"name":"getVersion","line":55,"loc":{"start":{"line":55,"column":4},"end":{"line":57,"column":4}}},"8":{"name":"initialize","line":83,"loc":{"start":{"line":83,"column":4},"end":{"line":87,"column":4}}},"9":{"name":"takeFee","line":90,"loc":{"start":{"line":90,"column":4},"end":{"line":95,"column":4}}},"10":{"name":"deposit","line":98,"loc":{"start":{"line":98,"column":4},"end":{"line":105,"column":4}}},"11":{"name":"withdraw","line":108,"loc":{"start":{"line":108,"column":4},"end":{"line":113,"column":4}}},"12":{"name":"balanceOf","line":115,"loc":{"start":{"line":115,"column":4},"end":{"line":117,"column":4}}},"13":{"name":"getOwner","line":119,"loc":{"start":{"line":119,"column":4},"end":{"line":121,"column":4}}},"14":{"name":"getVersion","line":123,"loc":{"start":{"line":123,"column":4},"end":{"line":125,"column":4}}}},"statementMap":{"1":{"start":{"line":16,"column":8},"end":{"line":16,"column":65}},"2":{"start":{"line":23,"column":8},"end":{"line":23,"column":66}},"3":{"start":{"line":24,"column":8},"end":{"line":24,"column":44}},"4":{"start":{"line":25,"column":8},"end":{"line":25,"column":46}},"5":{"start":{"line":31,"column":8},"end":{"line":31,"column":59}},"6":{"start":{"line":32,"column":8},"end":{"line":32,"column":68}},"7":{"start":{"line":33,"column":8},"end":{"line":33,"column":35}},"8":{"start":{"line":34,"column":8},"end":{"line":34,"column":44}},"9":{"start":{"line":41,"column":8},"end":{"line":41,"column":59}},"10":{"start":{"line":42,"column":8},"end":{"line":42,"column":77}},"11":{"start":{"line":43,"column":8},"end":{"line":43,"column":49}},"12":{"start":{"line":48,"column":8},"end":{"line":48,"column":42}},"13":{"start":{"line":52,"column":8},"end":{"line":52,"column":20}},"14":{"start":{"line":56,"column":8},"end":{"line":56,"column":22}},"15":{"start":{"line":84,"column":8},"end":{"line":84,"column":65}},"16":{"start":{"line":91,"column":8},"end":{"line":91,"column":66}},"17":{"start":{"line":92,"column":8},"end":{"line":92,"column":44}},"18":{"start":{"line":93,"column":8},"end":{"line":93,"column":46}},"19":{"start":{"line":99,"column":8},"end":{"line":99,"column":59}},"20":{"start":{"line":100,"column":8},"end":{"line":100,"column":68}},"21":{"start":{"line":101,"column":8},"end":{"line":101,"column":34}},"22":{"start":{"line":102,"column":8},"end":{"line":102,"column":44}},"23":{"start":{"line":109,"column":8},"end":{"line":109,"column":59}},"24":{"start":{"line":110,"column":8},"end":{"line":110,"column":77}},"25":{"start":{"line":111,"column":8},"end":{"line":111,"column":49}},"26":{"start":{"line":116,"column":8},"end":{"line":116,"column":42}},"27":{"start":{"line":120,"column":8},"end":{"line":120,"column":20}},"28":{"start":{"line":124,"column":8},"end":{"line":124,"column":22}}},"branchMap":{"1":{"line":16,"type":"if","locations":[{"start":{"line":16,"column":8},"end":{"line":16,"column":8}},{"start":{"line":16,"column":8},"end":{"line":16,"column":8}}]},"2":{"line":23,"type":"if","locations":[{"start":{"line":23,"column":8},"end":{"line":23,"column":8}},{"start":{"line":23,"column":8},"end":{"line":23,"column":8}}]},"3":{"line":31,"type":"if","locations":[{"start":{"line":31,"column":8},"end":{"line":31,"column":8}},{"start":{"line":31,"column":8},"end":{"line":31,"column":8}}]},"4":{"line":41,"type":"if","locations":[{"start":{"line":41,"column":8},"end":{"line":41,"column":8}},{"start":{"line":41,"column":8},"end":{"line":41,"column":8}}]},"5":{"line":42,"type":"if","locations":[{"start":{"line":42,"column":8},"end":{"line":42,"column":8}},{"start":{"line":42,"column":8},"end":{"line":42,"column":8}}]},"6":{"line":84,"type":"if","locations":[{"start":{"line":84,"column":8},"end":{"line":84,"column":8}},{"start":{"line":84,"column":8},"end":{"line":84,"column":8}}]},"7":{"line":91,"type":"if","locations":[{"start":{"line":91,"column":8},"end":{"line":91,"column":8}},{"start":{"line":91,"column":8},"end":{"line":91,"column":8}}]},"8":{"line":99,"type":"if","locations":[{"start":{"line":99,"column":8},"end":{"line":99,"column":8}},{"start":{"line":99,"column":8},"end":{"line":99,"column":8}}]},"9":{"line":109,"type":"if","locations":[{"start":{"line":109,"column":8},"end":{"line":109,"column":8}},{"start":{"line":109,"column":8},"end":{"line":109,"column":8}}]},"10":{"line":110,"type":"if","locations":[{"start":{"line":110,"column":8},"end":{"line":110,"column":8}},{"start":{"line":110,"column":8},"end":{"line":110,"column":8}}]}}}}