TN:
SF:/Users/jian-yu/Desktop/blockchain/lab4/SafeFactory/contracts/MockDaiToken.sol
FN:8,constructor
FNF:1
FNH:1
FNDA:27,constructor
DA:9,27
DA:10,27
LF:2
LH:2
BRF:0
BRH:0
end_of_record
TN:
SF:/Users/jian-yu/Desktop/blockchain/lab4/SafeFactory/contracts/Proxy.sol
FN:14,constructor
FN:20,onlyOwner
FN:25,_getOwner
FN:29,_setOwner
FN:34,_getImplementation
FN:38,_setImplementation
FN:44,setImplementation
FN:49,getProxyOwner
FN:54,getImplementation
FN:61,
FN:69,_delegate
FN:89,getAddressSlot
FNF:12
FNH:12
FNDA:5,constructor
FNDA:4,onlyOwner
FNDA:6,_getOwner
FNDA:5,_setOwner
FNDA:19,_getImplementation
FNDA:8,_setImplementation
FNDA:3,setImplementation
FNDA:2,getProxyOwner
FNDA:4,getImplementation
FNDA:15,
FNDA:15,_delegate
FNDA:37,getAddressSlot
DA:15,5
DA:16,5
DA:21,4
DA:22,3
DA:26,6
DA:30,5
DA:31,5
DA:35,19
DA:39,8
DA:40,7
DA:45,3
DA:50,2
DA:55,4
DA:62,15
DA:66,0
DA:70,15
DA:92,37
LF:17
LH:16
BRDA:21,1,0,3
BRDA:21,1,1,1
BRDA:30,2,0,5
BRDA:30,2,1,0
BRDA:39,3,0,7
BRDA:39,3,1,1
BRDA:44,4,0,3
BRDA:44,4,1,1
BRF:8
BRH:7
end_of_record
TN:
SF:/Users/jian-yu/Desktop/blockchain/lab4/SafeFactory/contracts/Safe.sol
FN:13,constructor
FN:18,takeFee
FN:26,deposit
FN:36,withdraw
FN:43,balanceOf
FN:47,getOwner
FNF:6
FNH:5
FNDA:4,constructor
FNDA:2,takeFee
FNDA:4,deposit
FNDA:3,withdraw
FNDA:4,balanceOf
FNDA:0,getOwner
DA:14,4
DA:19,2
DA:20,1
DA:21,1
DA:22,1
DA:27,4
DA:28,3
DA:29,2
DA:30,2
DA:31,2
DA:32,2
DA:37,3
DA:38,2
DA:39,1
DA:40,1
DA:44,4
DA:48,0
LF:17
LH:16
BRDA:19,1,0,1
BRDA:19,1,1,1
BRDA:27,2,0,3
BRDA:27,2,1,1
BRDA:37,3,0,2
BRDA:37,3,1,1
BRDA:38,4,0,1
BRDA:38,4,1,1
BRF:8
BRH:8
end_of_record
TN:
SF:/Users/jian-yu/Desktop/blockchain/lab4/SafeFactory/contracts/SafeFactory.sol
FN:17,onlyOwner
FN:22,constructor
FN:27,deploySafe
FN:34,deploySafeProxy
FN:42,updateImplementation
FN:48,getDeployedProxies
FN:52,getDeployedSafes
FNF:7
FNH:7
FNDA:3,onlyOwner
FNDA:3,constructor
FNDA:1,deploySafe
FNDA:2,deploySafeProxy
FNDA:2,updateImplementation
FNDA:2,getDeployedProxies
FNDA:1,getDeployedSafes
DA:18,3
DA:19,2
DA:23,3
DA:24,3
DA:28,1
DA:29,1
DA:30,1
DA:35,2
DA:36,2
DA:37,2
DA:43,2
DA:44,1
DA:45,1
DA:49,2
DA:53,1
LF:15
LH:15
BRDA:18,1,0,2
BRDA:18,1,1,1
BRDA:42,2,0,2
BRDA:42,2,1,1
BRDA:43,3,0,1
BRDA:43,3,1,1
BRF:6
BRH:6
end_of_record
TN:
SF:/Users/jian-yu/Desktop/blockchain/lab4/SafeFactory/contracts/SafeUpgradeable.sol
FN:15,initialize
FN:22,takeFee
FN:30,deposit
FN:40,withdraw
FN:47,balanceOf
FN:51,getOwner
FN:55,getVersion
FN:83,initialize
FN:90,takeFee
FN:98,deposit
FN:108,withdraw
FN:115,balanceOf
FN:119,getOwner
FN:123,getVersion
FNF:14
FNH:13
FNDA:14,initialize
FNDA:2,takeFee
FNDA:4,deposit
FNDA:3,withdraw
FNDA:4,balanceOf
FNDA:1,getOwner
FNDA:2,getVersion
FNDA:2,initialize
FNDA:2,takeFee
FNDA:4,deposit
FNDA:3,withdraw
FNDA:4,balanceOf
FNDA:0,getOwner
FNDA:2,getVersion
DA:16,14
DA:17,13
DA:18,13
DA:23,2
DA:24,1
DA:25,1
DA:26,1
DA:31,4
DA:32,3
DA:33,2
DA:34,2
DA:35,2
DA:36,2
DA:41,3
DA:42,2
DA:43,1
DA:44,1
DA:48,4
DA:52,1
DA:56,2
DA:84,2
DA:85,1
DA:86,1
DA:91,2
DA:92,1
DA:93,1
DA:94,1
DA:99,4
DA:100,3
DA:101,2
DA:102,2
DA:103,2
DA:104,2
DA:109,3
DA:110,2
DA:111,1
DA:112,1
DA:116,4
DA:120,0
DA:124,2
LF:40
LH:39
BRDA:16,1,0,13
BRDA:16,1,1,1
BRDA:23,2,0,1
BRDA:23,2,1,1
BRDA:31,3,0,3
BRDA:31,3,1,1
BRDA:41,4,0,2
BRDA:41,4,1,1
BRDA:42,5,0,1
BRDA:42,5,1,1
BRDA:84,6,0,1
BRDA:84,6,1,1
BRDA:91,7,0,1
BRDA:91,7,1,1
BRDA:99,8,0,3
BRDA:99,8,1,1
BRDA:109,9,0,2
BRDA:109,9,1,1
BRDA:110,10,0,1
BRDA:110,10,1,1
BRF:20
BRH:20
end_of_record
